<?xml version="1.0" encoding="UTF-8"?>
<testng-results skipped="0" failed="0" total="1" passed="1">
  <reporter-output>
    <line>
      <![CDATA[<a href ='D:\Workspace\POMFrameWork\src\main\java\com\test\automation\POMFrameWork\screenshots\loginWithInvalidCredentisls_22_58_18_07_58_19.png'> <img src ='D:\Workspace\POMFrameWork\src\main\java\com\test\automation\POMFrameWork\screenshots\loginWithInvalidCredentisls_22_58_18_07_58_19.png' height='100' width='100'/> </a>]]>
    </line>
  </reporter-output>
  <suite name="Default suite" duration-ms="20627" started-at="2018-03-22T14:27:59Z" finished-at="2018-03-22T14:28:19Z">
    <groups>
    </groups>
    <test name="Default test" duration-ms="20627" started-at="2018-03-22T14:27:59Z" finished-at="2018-03-22T14:28:19Z">
      <class name="com.test.automation.POMFrameWork.loginPageTest.LoginPage_TestCases">
        <test-method status="PASS" signature="setUp()[pri:0, instance:com.test.automation.POMFrameWork.loginPageTest.LoginPage_TestCases@60f82f98]" name="setUp" is-config="true" duration-ms="15340" started-at="2018-03-22T19:57:59Z" finished-at="2018-03-22T19:58:14Z">
          <reporter-output>
          </reporter-output>
        </test-method> <!-- setUp -->
        <test-method status="PASS" signature="loginWithInvalidCredentisls()[pri:0, instance:com.test.automation.POMFrameWork.loginPageTest.LoginPage_TestCases@60f82f98]" name="loginWithInvalidCredentisls" duration-ms="5175" started-at="2018-03-22T19:58:14Z" finished-at="2018-03-22T19:58:19Z">
          <reporter-output>
            <line>
              <![CDATA[<a href ='D:\Workspace\POMFrameWork\src\main\java\com\test\automation\POMFrameWork\screenshots\loginWithInvalidCredentisls_22_58_18_07_58_19.png'> <img src ='D:\Workspace\POMFrameWork\src\main\java\com\test\automation\POMFrameWork\screenshots\loginWithInvalidCredentisls_22_58_18_07_58_19.png' height='100' width='100'/> </a>]]>
            </line>
          </reporter-output>
        </test-method> <!-- loginWithInvalidCredentisls -->
        <test-method status="PASS" signature="end()[pri:0, instance:com.test.automation.POMFrameWork.loginPageTest.LoginPage_TestCases@60f82f98]" name="end" is-config="true" duration-ms="94" started-at="2018-03-22T19:58:19Z" finished-at="2018-03-22T19:58:19Z">
          <reporter-output>
          </reporter-output>
        </test-method> <!-- end -->
      </class> <!-- com.test.automation.POMFrameWork.loginPageTest.LoginPage_TestCases -->
    </test> <!-- Default test -->
  </suite> <!-- Default suite -->
</testng-results>
