<?xml version="1.0" encoding="UTF-8"?>
<testng-results skipped="0" failed="0" total="1" passed="1">
  <reporter-output>
  </reporter-output>
  <suite name="Default suite" duration-ms="35741" started-at="2018-03-20T11:59:44Z" finished-at="2018-03-20T12:00:20Z">
    <groups>
    </groups>
    <test name="Default test" duration-ms="35741" started-at="2018-03-20T11:59:44Z" finished-at="2018-03-20T12:00:20Z">
      <class name="com.test.automation.POMFrameWork.loginPageTest.LoginPage_TestCases">
        <test-method status="PASS" signature="setUp()[pri:0, instance:com.test.automation.POMFrameWork.loginPageTest.LoginPage_TestCases@60f82f98]" name="setUp" is-config="true" duration-ms="27344" started-at="2018-03-20T17:29:44Z" finished-at="2018-03-20T17:30:12Z">
          <reporter-output>
          </reporter-output>
        </test-method> <!-- setUp -->
        <test-method status="PASS" signature="loginWithInvalidCredentisls()[pri:0, instance:com.test.automation.POMFrameWork.loginPageTest.LoginPage_TestCases@60f82f98]" name="loginWithInvalidCredentisls" duration-ms="8284" started-at="2018-03-20T17:30:12Z" finished-at="2018-03-20T17:30:20Z">
          <reporter-output>
          </reporter-output>
        </test-method> <!-- loginWithInvalidCredentisls -->
        <test-method status="PASS" signature="end()[pri:0, instance:com.test.automation.POMFrameWork.loginPageTest.LoginPage_TestCases@60f82f98]" name="end" is-config="true" duration-ms="96" started-at="2018-03-20T17:30:20Z" finished-at="2018-03-20T17:30:20Z">
          <reporter-output>
          </reporter-output>
        </test-method> <!-- end -->
      </class> <!-- com.test.automation.POMFrameWork.loginPageTest.LoginPage_TestCases -->
    </test> <!-- Default test -->
  </suite> <!-- Default suite -->
</testng-results>
